SF:lib\models\favorites.dart
DA:6,6
DA:8,3
DA:9,6
DA:10,3
DA:13,3
DA:14,6
DA:15,3
LF:7
LH:7
end_of_record
SF:lib\screens\favorites_screen.dart
DA:6,2
DA:8,1
DA:10,1
DA:11,1
DA:16,1
DA:17,1
DA:18,2
DA:30,1
DA:31,2
DA:33,1
DA:34,2
DA:35,1
DA:48,1
DA:53,1
DA:55,1
DA:57,1
DA:58,1
DA:59,4
DA:61,1
DA:62,2
DA:63,3
DA:65,1
DA:66,3
DA:68,1
DA:69,3
DA:70,2
LF:26
LH:26
end_of_record
SF:lib\screens\home_screen.dart
DA:8,2
DA:10,1
DA:12,1
DA:13,1
DA:17,1
DA:18,1
DA:19,0
DA:20,0
DA:31,1
DA:35,2
DA:43,1
DA:45,1
DA:47,1
DA:48,3
DA:50,1
DA:52,1
DA:53,1
DA:54,4
DA:56,1
DA:57,2
DA:58,3
DA:60,1
DA:61,3
DA:65,1
DA:67,2
DA:69,2
DA:72,2
DA:73,1
DA:74,1
LF:29
LH:27
end_of_record
SF:lib\config\router.dart
DA:10,0
DA:11,0
DA:12,0
DA:14,0
DA:17,0
DA:18,0
DA:21,0
LF:7
LH:0
end_of_record
